<?xml version="1.0" encoding="UTF-8"?>
<!-- Generated by org.testng.reporters.JUnitReportReporter -->
<testsuite hostname="LAPTOP-N926GS71" failures="0" tests="5" name="bs.testcase.WishList_Test" time="77.672" errors="0" timestamp="2022-08-18T14:17:29 IST" skipped="0">
  <testcase classname="bs.testcase.WishList_Test" name="feature_authTest" time="17.810"/>
  <system-out/>
  <testcase classname="bs.testcase.WishList_Test" name="search_BookNameTest" time="15.104"/>
  <system-out/>
  <testcase classname="bs.testcase.WishList_Test" name="addWishlist_AuthorNameTest" time="16.729"/>
  <system-out/>
  <testcase classname="bs.testcase.WishList_Test" name="addWishlist_PublisherTest" time="16.000"/>
  <system-out/>
  <testcase classname="bs.testcase.WishList_Test" name="wishlist_Test" time="12.029"/>
  <system-out/>
</testsuite> <!-- bs.testcase.WishList_Test -->
