<?xml version="1.0" encoding="UTF-8"?>
<!-- Generated by org.testng.reporters.JUnitReportReporter -->
<testsuite hostname="LAPTOP-N926GS71" failures="0" tests="5" name="bs.tastcase.WishList_Test" time="79.973" errors="0" timestamp="14 Aug 2022 06:01:32 GMT" skipped="0">
  <testcase classname="bs.tastcase.WishList_Test" name="feature_authTest" time="18.029"/>
  <testcase classname="bs.tastcase.WishList_Test" name="search_BookNameTest" time="15.337"/>
  <testcase classname="bs.tastcase.WishList_Test" name="addWishlist_AuthorNameTest" time="17.645"/>
  <testcase classname="bs.tastcase.WishList_Test" name="addWishlist_PublisherTest" time="15.137"/>
  <testcase classname="bs.tastcase.WishList_Test" name="wishlist_Test" time="13.825"/>
</testsuite> <!-- bs.tastcase.WishList_Test -->
