<?xml version="1.0" encoding="UTF-8"?>
<!-- Generated by org.testng.reporters.JUnitReportReporter -->
<testsuite hostname="LAPTOP-N926GS71" failures="0" tests="2" name="bs.tastcase.Request_Book_Test" time="41.825" errors="0" timestamp="13 Aug 2022 11:51:40 GMT" skipped="0">
  <testcase classname="bs.tastcase.Request_Book_Test" name="Request_a_BookTest" time="22.083"/>
  <testcase classname="bs.tastcase.Request_Book_Test" name="it_shows_a_successful_message" time="19.742"/>
</testsuite> <!-- bs.tastcase.Request_Book_Test -->
