<?xml version="1.0" encoding="UTF-8"?>
<!-- Generated by org.testng.reporters.JUnitReportReporter -->
<testsuite hostname="LAPTOP-N926GS71" failures="0" tests="1" name="bs.tastcase.Add_Address_Test" time="14.443" errors="0" timestamp="14 Aug 2022 07:08:30 GMT" skipped="0">
  <testcase classname="bs.tastcase.Add_Address_Test" name="add_Address_Test" time="14.443"/>
</testsuite> <!-- bs.tastcase.Add_Address_Test -->
