<?xml version="1.0" encoding="UTF-8"?>
<!-- Generated by org.testng.reporters.JUnitReportReporter -->
<testsuite hostname="LAPTOP-N926GS71" failures="0" tests="1" name="bs.tastcase.SearchBook_Test" time="18.095" errors="0" timestamp="14 Aug 2022 09:12:40 GMT" skipped="0">
  <testcase classname="bs.tastcase.SearchBook_Test" name="verifySearchPageTest" time="18.095"/>
</testsuite> <!-- bs.tastcase.SearchBook_Test -->
