<?xml version="1.0" encoding="UTF-8"?>
<!-- Generated by org.testng.reporters.JUnitReportReporter -->
<testsuite hostname="LAPTOP-N926GS71" failures="0" tests="3" name="bs.tastcase.HomePage_Test" time="25.913" errors="0" timestamp="14 Aug 2022 09:22:25 GMT" skipped="0">
  <testcase classname="bs.tastcase.HomePage_Test" name="HomePageTitleTest" time="9.514"/>
  <testcase classname="bs.tastcase.HomePage_Test" name="verifyUserNameTest" time="3.714"/>
  <testcase classname="bs.tastcase.HomePage_Test" name="verifyClickOnLogout" time="12.685"/>
</testsuite> <!-- bs.tastcase.HomePage_Test -->
