<?xml version="1.0" encoding="UTF-8"?>
<!-- Generated by org.testng.reporters.JUnitReportReporter -->
<testsuite hostname="LAPTOP-N926GS71" failures="0" tests="1" name="bs.testcase.Add_Address_Test" time="12.751" errors="0" timestamp="2022-08-18T14:17:29 IST" skipped="0">
  <testcase classname="bs.testcase.Add_Address_Test" name="add_Address_Test" time="12.751"/>
  <system-out/>
</testsuite> <!-- bs.testcase.Add_Address_Test -->
