<?xml version="1.0" encoding="UTF-8"?>
<!-- Generated by org.testng.reporters.JUnitReportReporter -->
<testsuite hostname="LAPTOP-N926GS71" failures="0" tests="3" name="bs.tastcase.LoginPage_Test" time="29.318" errors="0" timestamp="14 Aug 2022 07:20:04 GMT" skipped="0">
  <testcase classname="bs.tastcase.LoginPage_Test" name="MultipleUserLoginTest" time="11.065"/>
  <testcase classname="bs.tastcase.LoginPage_Test" name="MultipleUserLoginTest" time="8.860"/>
  <testcase classname="bs.tastcase.LoginPage_Test" name="MultipleUserLoginTest" time="9.393"/>
</testsuite> <!-- bs.tastcase.LoginPage_Test -->
