<?xml version="1.0" encoding="UTF-8"?>
<!-- Generated by org.testng.reporters.JUnitReportReporter -->
<testsuite hostname="LAPTOP-N926GS71" failures="0" tests="2" name="bs.testcase.Request_Book_Test" time="30.282" errors="0" timestamp="2022-08-18T14:17:29 IST" skipped="0">
  <testcase classname="bs.testcase.Request_Book_Test" name="Request_a_BookTest" time="16.416"/>
  <system-out/>
  <testcase classname="bs.testcase.Request_Book_Test" name="it_shows_a_successful_message" time="13.866"/>
  <system-out/>
</testsuite> <!-- bs.testcase.Request_Book_Test -->
