<?xml version="1.0" encoding="UTF-8"?>
<!-- Generated by org.testng.reporters.JUnitReportReporter -->
<testsuite hostname="LAPTOP-N926GS71" failures="0" tests="1" name="bs.testcase.ChangePassword_Test" time="13.323" errors="0" timestamp="2022-08-18T14:17:29 IST" skipped="0">
  <testcase classname="bs.testcase.ChangePassword_Test" name="request_a_bookTest" time="13.323"/>
  <system-out/>
</testsuite> <!-- bs.testcase.ChangePassword_Test -->
