<?xml version="1.0" encoding="UTF-8"?>
<!-- Generated by org.testng.reporters.JUnitReportReporter -->
<testsuite hostname="LAPTOP-N926GS71" failures="0" tests="1" name="bs.testcase.SearchBook_Test" time="14.962" errors="0" timestamp="2022-08-18T14:17:29 IST" skipped="0">
  <testcase classname="bs.testcase.SearchBook_Test" name="verifySearchPageTest" time="14.962"/>
  <system-out/>
</testsuite> <!-- bs.testcase.SearchBook_Test -->
