<?xml version="1.0" encoding="UTF-8"?>
<!-- Generated by org.testng.reporters.JUnitReportReporter -->
<testsuite hostname="LAPTOP-N926GS71" failures="0" tests="6" name="bs.testcase.LoginPage_Test" time="56.389" errors="0" timestamp="2022-08-18T14:17:29 IST" skipped="0">
  <testcase classname="bs.testcase.LoginPage_Test" name="loginPageTitleTest" time="8.385"/>
  <system-out/>
  <testcase classname="bs.testcase.LoginPage_Test" name="ImageTest" time="8.703"/>
  <system-out/>
  <testcase classname="bs.testcase.LoginPage_Test" name="loginTest" time="9.524"/>
  <system-out/>
  <testcase classname="bs.testcase.LoginPage_Test" name="MultipleUserLoginTest" time="11.383"/>
  <system-out/>
  <testcase classname="bs.testcase.LoginPage_Test" name="MultipleUserLoginTest" time="9.289"/>
  <system-out/>
  <testcase classname="bs.testcase.LoginPage_Test" name="MultipleUserLoginTest" time="9.105"/>
  <system-out/>
</testsuite> <!-- bs.testcase.LoginPage_Test -->
