<?xml version="1.0" encoding="UTF-8"?>
<!-- Generated by org.testng.reporters.JUnitReportReporter -->
<testsuite hostname="LAPTOP-N926GS71" failures="0" tests="3" name="bs.testcase.HomePage_Test" time="22.365" errors="0" timestamp="2022-08-18T14:17:29 IST" skipped="0">
  <testcase classname="bs.testcase.HomePage_Test" name="HomePageTitleTest" time="6.231"/>
  <system-out/>
  <testcase classname="bs.testcase.HomePage_Test" name="verifyUserNameTest" time="3.973"/>
  <system-out/>
  <testcase classname="bs.testcase.HomePage_Test" name="verifyClickOnLogout" time="12.161"/>
  <system-out/>
</testsuite> <!-- bs.testcase.HomePage_Test -->
